<?xml version="1.0" encoding="UTF-8"?>
<testng-results ignored="0" total="1" passed="1" failed="0" skipped="0">
  <reporter-output>
  </reporter-output>
  <suite started-at="2025-08-23T10:02:20Z" name="Default suite" finished-at="2025-08-23T10:02:20Z" duration-ms="372">
    <groups>
    </groups>
    <test started-at="2025-08-23T10:02:20Z" name="Default test" finished-at="2025-08-23T10:02:20Z" duration-ms="372">
      <class name="org.demo.Execute">
        <test-method signature="test()[pri:0, instance:org.demo.Execute@5524cca1]" started-at="2025-08-23T10:02:20Z" name="test" finished-at="2025-08-23T10:02:20Z" duration-ms="344" status="PASS">
          <reporter-output>
          </reporter-output>
        </test-method> <!-- test -->
      </class> <!-- org.demo.Execute -->
    </test> <!-- Default test -->
  </suite> <!-- Default suite -->
</testng-results>
